<?xml version="1.0" encoding="UTF-8"?>
<testng-results skipped="0" failed="0" total="1" passed="1">
  <reporter-output>
  </reporter-output>
  <suite name="Default suite" duration-ms="8704" started-at="2019-05-29T11:20:31Z" finished-at="2019-05-29T11:20:39Z">
    <groups>
    </groups>
    <test name="Default test" duration-ms="8704" started-at="2019-05-29T11:20:31Z" finished-at="2019-05-29T11:20:39Z">
      <class name="org.imagenecsi.testCases.Happyflow">
        <test-method status="PASS" signature="beforeTestMethod(org.testng.ITestContext)[pri:0, instance:org.imagenecsi.testCases.Happyflow@2a556333]" name="beforeTestMethod" is-config="true" duration-ms="7497" started-at="2019-05-29T16:50:31Z" finished-at="2019-05-29T16:50:38Z">
          <params>
            <param index="0">
              <value>
                <![CDATA[org.testng.TestRunner@2ca26d77]]>
              </value>
            </param>
          </params>
          <reporter-output>
          </reporter-output>
        </test-method> <!-- beforeTestMethod -->
        <test-method status="PASS" signature="login(java.util.HashMap)[pri:0, instance:org.imagenecsi.testCases.Happyflow@2a556333]" name="login" duration-ms="377" started-at="2019-05-29T16:50:38Z" data-provider="HappyFlow" finished-at="2019-05-29T16:50:38Z">
          <params>
            <param index="0">
              <value>
                <![CDATA[{"password":"Test@123","IOleadUSername":"mohitiolead@yopmail.com"}]]>
              </value>
            </param>
          </params>
          <reporter-output>
          </reporter-output>
        </test-method> <!-- login -->
        <test-method status="PASS" signature="afterTestMethod(org.testng.ITestResult)[pri:0, instance:org.imagenecsi.testCases.Happyflow@2a556333]" name="afterTestMethod" is-config="true" duration-ms="813" started-at="2019-05-29T16:50:38Z" finished-at="2019-05-29T16:50:39Z">
          <params>
            <param index="0">
              <value>
                <![CDATA[[TestResult name=login status=SUCCESS method=Happyflow.login(java.util.HashMap)[pri:0, instance:org.imagenecsi.testCases.Happyflow@2a556333] output={null}]]]>
              </value>
            </param>
          </params>
          <reporter-output>
          </reporter-output>
        </test-method> <!-- afterTestMethod -->
      </class> <!-- org.imagenecsi.testCases.Happyflow -->
    </test> <!-- Default test -->
  </suite> <!-- Default suite -->
</testng-results>
